TN:
SF:C:\Users\Stefa\Desktop\Job\[2020] STORM REPLY\Formazione\Project_vehicles-ts\src\index.ts
FN:11,(anonymous_0)
FNF:1
FNH:0
FNDA:0,(anonymous_0)
DA:9,0
DA:11,0
DA:12,0
DA:14,0
DA:16,0
DA:18,0
DA:20,0
DA:22,0
DA:25,0
DA:27,0
DA:29,0
DA:31,0
DA:33,0
DA:36,0
LF:14
LH:0
BRDA:14,0,0,0
BRDA:14,0,1,0
BRDA:25,1,0,0
BRDA:25,1,1,0
BRF:4
BRH:0
end_of_record
TN:
SF:C:\Users\Stefa\Desktop\Job\[2020] STORM REPLY\Formazione\Project_vehicles-ts\src\myInterfaces.ts
FNF:0
FNH:0
LF:0
LH:0
BRF:0
BRH:0
end_of_record
TN:
SF:C:/Users/Stefa/Desktop/Job/[2020] STORM REPLY/Formazione/Project_vehicles-ts/src/utils.ts
FN:4,(anonymous_1)
FN:38,(anonymous_2)
FNF:2
FNH:2
FNDA:2,(anonymous_1)
FNDA:2,(anonymous_2)
DA:1,1
DA:4,1
DA:7,2
DA:9,2
DA:10,2
DA:12,2
DA:18,2
DA:19,2
DA:20,1
DA:21,1
DA:24,1
DA:25,1
DA:28,2
DA:35,2
DA:38,1
DA:41,2
DA:43,2
DA:44,2
DA:47,2
DA:53,2
DA:54,2
DA:55,1
DA:56,1
DA:58,1
DA:59,1
DA:62,2
DA:70,2
LF:27
LH:27
BRF:0
BRH:0
end_of_record
